<?xml version="1.0" encoding="UTF-8"?>
<testng-results skipped="0" failed="1" total="5" passed="4">
  <reporter-output>
    <line>
      <![CDATA[launch test is passed]]>
    </line>
    <line>
      <![CDATA[Login test is passed]]>
    </line>
    <line>
      <![CDATA[All]]>
    </line>
    <line>
      <![CDATA[INDIA]]>
    </line>
  </reporter-output>
  <suite name="Default suite" duration-ms="32759" started-at="2018-10-03T16:56:37Z" finished-at="2018-10-03T16:57:10Z">
    <groups>
    </groups>
    <test name="Default test" duration-ms="32759" started-at="2018-10-03T16:56:37Z" finished-at="2018-10-03T16:57:10Z">
      <class name="com.pagelibrary.com.ranford.TestExecution">
        <test-method status="PASS" signature="extentset()[pri:0, instance:com.pagelibrary.com.ranford.TestExecution@e25b2fe]" name="extentset" is-config="true" duration-ms="280" started-at="2018-10-03T22:26:37Z" finished-at="2018-10-03T22:26:37Z">
          <reporter-output>
          </reporter-output>
        </test-method> <!-- extentset -->
        <test-method status="PASS" signature="beforemethod(java.lang.reflect.Method)[pri:0, instance:com.pagelibrary.com.ranford.TestExecution@e25b2fe]" name="beforemethod" is-config="true" duration-ms="4" started-at="2018-10-03T22:26:37Z" finished-at="2018-10-03T22:26:37Z">
          <params>
            <param index="0">
              <value>
                <![CDATA[public void com.pagelibrary.com.ranford.TestExecution.verify_lunch()]]>
              </value>
            </param>
          </params>
          <reporter-output>
          </reporter-output>
        </test-method> <!-- beforemethod -->
        <test-method status="PASS" signature="verify_lunch()[pri:0, instance:com.pagelibrary.com.ranford.TestExecution@e25b2fe]" name="verify_lunch" duration-ms="8367" started-at="2018-10-03T22:26:37Z" finished-at="2018-10-03T22:26:45Z">
          <reporter-output>
            <line>
              <![CDATA[launch test is passed]]>
            </line>
          </reporter-output>
        </test-method> <!-- verify_lunch -->
        <test-method status="PASS" signature="beforemethod(java.lang.reflect.Method)[pri:0, instance:com.pagelibrary.com.ranford.TestExecution@e25b2fe]" name="beforemethod" is-config="true" duration-ms="1" started-at="2018-10-03T22:26:45Z" finished-at="2018-10-03T22:26:45Z">
          <params>
            <param index="0">
              <value>
                <![CDATA[public void com.pagelibrary.com.ranford.TestExecution.verify_login()]]>
              </value>
            </param>
          </params>
          <reporter-output>
          </reporter-output>
        </test-method> <!-- beforemethod -->
        <test-method status="PASS" signature="verify_login()[pri:1, instance:com.pagelibrary.com.ranford.TestExecution@e25b2fe]" name="verify_login" duration-ms="3538" started-at="2018-10-03T22:26:45Z" finished-at="2018-10-03T22:26:49Z">
          <reporter-output>
            <line>
              <![CDATA[Login test is passed]]>
            </line>
          </reporter-output>
        </test-method> <!-- verify_login -->
        <test-method status="PASS" signature="beforemethod(java.lang.reflect.Method)[pri:0, instance:com.pagelibrary.com.ranford.TestExecution@e25b2fe]" name="beforemethod" is-config="true" duration-ms="1" started-at="2018-10-03T22:26:49Z" finished-at="2018-10-03T22:26:49Z">
          <params>
            <param index="0">
              <value>
                <![CDATA[public void com.pagelibrary.com.ranford.TestExecution.verify_branchclick()]]>
              </value>
            </param>
          </params>
          <reporter-output>
          </reporter-output>
        </test-method> <!-- beforemethod -->
        <test-method status="PASS" signature="verify_branchclick()[pri:2, instance:com.pagelibrary.com.ranford.TestExecution@e25b2fe]" name="verify_branchclick" duration-ms="783" started-at="2018-10-03T22:26:49Z" finished-at="2018-10-03T22:26:50Z">
          <reporter-output>
          </reporter-output>
        </test-method> <!-- verify_branchclick -->
        <test-method status="PASS" signature="beforemethod(java.lang.reflect.Method)[pri:0, instance:com.pagelibrary.com.ranford.TestExecution@e25b2fe]" name="beforemethod" is-config="true" duration-ms="1" started-at="2018-10-03T22:26:50Z" finished-at="2018-10-03T22:26:50Z">
          <params>
            <param index="0">
              <value>
                <![CDATA[public void com.pagelibrary.com.ranford.TestExecution.verify_excel() throws java.lang.Exception]]>
              </value>
            </param>
          </params>
          <reporter-output>
          </reporter-output>
        </test-method> <!-- beforemethod -->
        <test-method status="FAIL" signature="verify_excel()[pri:3, instance:com.pagelibrary.com.ranford.TestExecution@e25b2fe]" name="verify_excel" duration-ms="16941" started-at="2018-10-03T22:26:50Z" finished-at="2018-10-03T22:27:07Z">
          <exception class="org.openqa.selenium.NoAlertPresentException">
            <message>
              <![CDATA[No alert is present (WARNING: The server did not provide any stacktrace information)
Command duration or timeout: 2.39 seconds
Build info: version: '2.53.1', revision: 'a36b8b1cd5757287168e54b817830adce9b0158d', time: '2016-06-30 19:26:09'
System info: host: 'Krish-PC', ip: '192.168.0.4', os.name: 'Windows 7', os.arch: 'amd64', os.version: '6.1', java.version: '1.8.0_161'
Driver info: org.openqa.selenium.firefox.FirefoxDriver
Capabilities [{applicationCacheEnabled=true, rotatable=false, handlesAlerts=true, databaseEnabled=true, version=33.0, platform=WINDOWS, nativeEvents=false, acceptSslCerts=true, webStorageEnabled=true, locationContextEnabled=true, browserName=firefox, takesScreenshot=true, javascriptEnabled=true, cssSelectorsEnabled=true}]
Session ID: b4c876ee-c65c-4979-a22f-d96c3d3fe1ba]]>
            </message>
            <full-stacktrace>
              <![CDATA[org.openqa.selenium.NoAlertPresentException: No alert is present (WARNING: The server did not provide any stacktrace information)
Command duration or timeout: 2.39 seconds
Build info: version: '2.53.1', revision: 'a36b8b1cd5757287168e54b817830adce9b0158d', time: '2016-06-30 19:26:09'
System info: host: 'Krish-PC', ip: '192.168.0.4', os.name: 'Windows 7', os.arch: 'amd64', os.version: '6.1', java.version: '1.8.0_161'
Driver info: org.openqa.selenium.firefox.FirefoxDriver
Capabilities [{applicationCacheEnabled=true, rotatable=false, handlesAlerts=true, databaseEnabled=true, version=33.0, platform=WINDOWS, nativeEvents=false, acceptSslCerts=true, webStorageEnabled=true, locationContextEnabled=true, browserName=firefox, takesScreenshot=true, javascriptEnabled=true, cssSelectorsEnabled=true}]
Session ID: b4c876ee-c65c-4979-a22f-d96c3d3fe1ba
	at sun.reflect.NativeConstructorAccessorImpl.newInstance0(Native Method)
	at sun.reflect.NativeConstructorAccessorImpl.newInstance(Unknown Source)
	at sun.reflect.DelegatingConstructorAccessorImpl.newInstance(Unknown Source)
	at java.lang.reflect.Constructor.newInstance(Unknown Source)
	at org.openqa.selenium.remote.ErrorHandler.createThrowable(ErrorHandler.java:206)
	at org.openqa.selenium.remote.ErrorHandler.throwIfResponseFailed(ErrorHandler.java:158)
	at org.openqa.selenium.remote.RemoteWebDriver.execute(RemoteWebDriver.java:678)
	at org.openqa.selenium.remote.RemoteWebDriver.execute(RemoteWebDriver.java:701)
	at org.openqa.selenium.remote.RemoteWebDriver$RemoteTargetLocator.alert(RemoteWebDriver.java:1049)
	at com.pagelibrary.com.ranford.TestExecution.verify_excel(TestExecution.java:47)
	at sun.reflect.NativeMethodAccessorImpl.invoke0(Native Method)
	at sun.reflect.NativeMethodAccessorImpl.invoke(Unknown Source)
	at sun.reflect.DelegatingMethodAccessorImpl.invoke(Unknown Source)
	at java.lang.reflect.Method.invoke(Unknown Source)
	at org.testng.internal.MethodInvocationHelper.invokeMethod(MethodInvocationHelper.java:85)
	at org.testng.internal.Invoker.invokeMethod(Invoker.java:639)
	at org.testng.internal.Invoker.invokeTestMethod(Invoker.java:816)
	at org.testng.internal.Invoker.invokeTestMethods(Invoker.java:1124)
	at org.testng.internal.TestMethodWorker.invokeTestMethods(TestMethodWorker.java:125)
	at org.testng.internal.TestMethodWorker.run(TestMethodWorker.java:108)
	at org.testng.TestRunner.privateRun(TestRunner.java:774)
	at org.testng.TestRunner.run(TestRunner.java:624)
	at org.testng.SuiteRunner.runTest(SuiteRunner.java:359)
	at org.testng.SuiteRunner.runSequentially(SuiteRunner.java:354)
	at org.testng.SuiteRunner.privateRun(SuiteRunner.java:312)
	at org.testng.SuiteRunner.run(SuiteRunner.java:261)
	at org.testng.SuiteRunnerWorker.runSuite(SuiteRunnerWorker.java:52)
	at org.testng.SuiteRunnerWorker.run(SuiteRunnerWorker.java:86)
	at org.testng.TestNG.runSuitesSequentially(TestNG.java:1215)
	at org.testng.TestNG.runSuitesLocally(TestNG.java:1140)
	at org.testng.TestNG.run(TestNG.java:1048)
	at org.testng.remote.AbstractRemoteTestNG.run(AbstractRemoteTestNG.java:114)
	at org.testng.remote.RemoteTestNG.initAndRun(RemoteTestNG.java:251)
	at org.testng.remote.RemoteTestNG.main(RemoteTestNG.java:77)
]]>
            </full-stacktrace>
          </exception> <!-- org.openqa.selenium.NoAlertPresentException -->
          <reporter-output>
          </reporter-output>
        </test-method> <!-- verify_excel -->
        <test-method status="PASS" signature="beforemethod(java.lang.reflect.Method)[pri:0, instance:com.pagelibrary.com.ranford.TestExecution@e25b2fe]" name="beforemethod" is-config="true" duration-ms="0" started-at="2018-10-03T22:27:07Z" finished-at="2018-10-03T22:27:07Z">
          <params>
            <param index="0">
              <value>
                <![CDATA[public void com.pagelibrary.com.ranford.TestExecution.verify_branchsearchpage()]]>
              </value>
            </param>
          </params>
          <reporter-output>
          </reporter-output>
        </test-method> <!-- beforemethod -->
        <test-method status="PASS" signature="verify_branchsearchpage()[pri:4, instance:com.pagelibrary.com.ranford.TestExecution@e25b2fe]" name="verify_branchsearchpage" duration-ms="3082" started-at="2018-10-03T22:27:07Z" finished-at="2018-10-03T22:27:10Z">
          <reporter-output>
            <line>
              <![CDATA[All]]>
            </line>
            <line>
              <![CDATA[INDIA]]>
            </line>
          </reporter-output>
        </test-method> <!-- verify_branchsearchpage -->
        <test-method status="PASS" signature="aftersuite()[pri:0, instance:com.pagelibrary.com.ranford.TestExecution@e25b2fe]" name="aftersuite" is-config="true" duration-ms="358" started-at="2018-10-03T22:27:10Z" finished-at="2018-10-03T22:27:10Z">
          <reporter-output>
          </reporter-output>
        </test-method> <!-- aftersuite -->
      </class> <!-- com.pagelibrary.com.ranford.TestExecution -->
    </test> <!-- Default test -->
  </suite> <!-- Default suite -->
</testng-results>
